<?xml version="1.0" encoding="UTF-8"?>
<testsuite xmlns:xsi="http://www.w3.org/2001/XMLSchema-instance" xsi:noNamespaceSchemaLocation="https://maven.apache.org/surefire/maven-surefire-plugin/xsd/surefire-test-report-3.0.xsd" version="3.0" name="com.airam.ApplicationTest" time="0.193" tests="26" errors="0" skipped="0" failures="0">
  <properties>
    <property name="java.specification.version" value="20"/>
    <property name="sun.cpu.isalist" value="amd64"/>
    <property name="sun.jnu.encoding" value="Cp1252"/>
    <property name="java.class.path" value="c:\Estudio\intro_Java\MAVEN\calificaciones\target\test-classes;c:\Estudio\intro_Java\MAVEN\calificaciones\target\classes;C:\Users\damak\.m2\repository\org\junit\jupiter\junit-jupiter\5.9.3\junit-jupiter-5.9.3.jar;C:\Users\damak\.m2\repository\org\junit\jupiter\junit-jupiter-api\5.9.3\junit-jupiter-api-5.9.3.jar;C:\Users\damak\.m2\repository\org\opentest4j\opentest4j\1.2.0\opentest4j-1.2.0.jar;C:\Users\damak\.m2\repository\org\junit\platform\junit-platform-commons\1.9.3\junit-platform-commons-1.9.3.jar;C:\Users\damak\.m2\repository\org\apiguardian\apiguardian-api\1.1.2\apiguardian-api-1.1.2.jar;C:\Users\damak\.m2\repository\org\junit\jupiter\junit-jupiter-params\5.9.3\junit-jupiter-params-5.9.3.jar;C:\Users\damak\.m2\repository\org\junit\jupiter\junit-jupiter-engine\5.9.3\junit-jupiter-engine-5.9.3.jar;C:\Users\damak\.m2\repository\org\junit\platform\junit-platform-engine\1.9.3\junit-platform-engine-1.9.3.jar;"/>
    <property name="java.vm.vendor" value="Eclipse Adoptium"/>
    <property name="sun.arch.data.model" value="64"/>
    <property name="user.variant" value=""/>
    <property name="java.vendor.url" value="https://adoptium.net/"/>
    <property name="user.timezone" value="America/Bogota"/>
    <property name="os.name" value="Windows 11"/>
    <property name="java.vm.specification.version" value="20"/>
    <property name="sun.java.launcher" value="SUN_STANDARD"/>
    <property name="user.country" value="CO"/>
    <property name="sun.boot.library.path" value="C:\Program Files\Java\jdk-20.0.2.9-hotspot\bin"/>
    <property name="sun.java.command" value="C:\Users\damak\AppData\Local\Temp\surefire15842343834690492681\surefirebooter-20250223210716411_3.jar C:\Users\damak\AppData\Local\Temp\surefire15842343834690492681 2025-02-23T21-07-16_097-jvmRun1 surefire-20250223210716411_1tmp surefire_0-20250223210716411_2tmp"/>
    <property name="jdk.debug" value="release"/>
    <property name="surefire.test.class.path" value="c:\Estudio\intro_Java\MAVEN\calificaciones\target\test-classes;c:\Estudio\intro_Java\MAVEN\calificaciones\target\classes;C:\Users\damak\.m2\repository\org\junit\jupiter\junit-jupiter\5.9.3\junit-jupiter-5.9.3.jar;C:\Users\damak\.m2\repository\org\junit\jupiter\junit-jupiter-api\5.9.3\junit-jupiter-api-5.9.3.jar;C:\Users\damak\.m2\repository\org\opentest4j\opentest4j\1.2.0\opentest4j-1.2.0.jar;C:\Users\damak\.m2\repository\org\junit\platform\junit-platform-commons\1.9.3\junit-platform-commons-1.9.3.jar;C:\Users\damak\.m2\repository\org\apiguardian\apiguardian-api\1.1.2\apiguardian-api-1.1.2.jar;C:\Users\damak\.m2\repository\org\junit\jupiter\junit-jupiter-params\5.9.3\junit-jupiter-params-5.9.3.jar;C:\Users\damak\.m2\repository\org\junit\jupiter\junit-jupiter-engine\5.9.3\junit-jupiter-engine-5.9.3.jar;C:\Users\damak\.m2\repository\org\junit\platform\junit-platform-engine\1.9.3\junit-platform-engine-1.9.3.jar;"/>
    <property name="sun.cpu.endian" value="little"/>
    <property name="user.home" value="C:\Users\damak"/>
    <property name="user.language" value="es"/>
    <property name="java.specification.vendor" value="Oracle Corporation"/>
    <property name="java.version.date" value="2023-07-18"/>
    <property name="java.home" value="C:\Program Files\Java\jdk-20.0.2.9-hotspot"/>
    <property name="file.separator" value="\"/>
    <property name="basedir" value="c:\Estudio\intro_Java\MAVEN\calificaciones"/>
    <property name="java.vm.compressedOopsMode" value="32-bit"/>
    <property name="line.separator" value="&#10;"/>
    <property name="java.vm.specification.vendor" value="Oracle Corporation"/>
    <property name="java.specification.name" value="Java Platform API Specification"/>
    <property name="surefire.real.class.path" value="C:\Users\damak\AppData\Local\Temp\surefire15842343834690492681\surefirebooter-20250223210716411_3.jar"/>
    <property name="user.script" value=""/>
    <property name="sun.management.compiler" value="HotSpot 64-Bit Tiered Compilers"/>
    <property name="java.runtime.version" value="20.0.2+9"/>
    <property name="user.name" value="damak"/>
    <property name="stdout.encoding" value="Cp1252"/>
    <property name="path.separator" value=";"/>
    <property name="os.version" value="10.0"/>
    <property name="java.runtime.name" value="OpenJDK Runtime Environment"/>
    <property name="file.encoding" value="UTF-8"/>
    <property name="java.vm.name" value="OpenJDK 64-Bit Server VM"/>
    <property name="java.vendor.version" value="Temurin-20.0.2+9"/>
    <property name="localRepository" value="C:\Users\damak\.m2\repository"/>
    <property name="java.vendor.url.bug" value="https://github.com/adoptium/adoptium-support/issues"/>
    <property name="java.io.tmpdir" value="C:\Users\damak\AppData\Local\Temp\"/>
    <property name="java.version" value="20.0.2"/>
    <property name="user.dir" value="c:\Estudio\intro_Java\MAVEN\calificaciones"/>
    <property name="os.arch" value="amd64"/>
    <property name="java.vm.specification.name" value="Java Virtual Machine Specification"/>
    <property name="sun.os.patch.level" value=""/>
    <property name="native.encoding" value="Cp1252"/>
    <property name="java.library.path" value="C:\Program Files\Java\jdk-20.0.2.9-hotspot\bin;C:\WINDOWS\Sun\Java\bin;C:\WINDOWS\system32;C:\WINDOWS;C:\Program Files\Common Files\Oracle\Java\javapath;C:\Program Files\Java\jdk-20.0.2.9-hotspot\bin;C:\Program Files (x86)\Common Files\Oracle\Java\javapath;C:\WINDOWS\system32;C:\WINDOWS;C:\WINDOWS\System32\Wbem;C:\WINDOWS\System32\WindowsPowerShell\v1.0\;C:\WINDOWS\System32\OpenSSH\;C:\Users\damak\.pyenv\pyenv-win\bin;C:\Users\damak\.pyenv\pyenv-win\shims;C:\Program Files (x86)\dotnet\;c:\Program Files (x86)\Microsoft SQL Server\100\Tools\Binn\;c:\Program Files\Microsoft SQL Server\100\Tools\Binn\;c:\Program Files\Microsoft SQL Server\100\DTS\Binn\;C:\Program Files\DAX Studio;C:\Program Files\Git\cmd;C:\Program Files\Java\apache-maven-3.9.9\bin;C:\Users\damak\.pyenv\pyenv-win\bin;C:\Users\damak\.pyenv\pyenv-win\shims;C:\Users\damak\AppData\Local\Microsoft\WindowsApps;C:\Users\damak\AppData\Local\Programs\Microsoft VS Code\bin;;%USERPROFILE%\AppData\Local\Microsoft\WindowsApps;."/>
    <property name="java.vm.info" value="mixed mode, sharing"/>
    <property name="stderr.encoding" value="Cp1252"/>
    <property name="java.vendor" value="Eclipse Adoptium"/>
    <property name="java.vm.version" value="20.0.2+9"/>
    <property name="sun.io.unicode.encoding" value="UnicodeLittle"/>
    <property name="java.class.version" value="64.0"/>
  </properties>
  <testcase name="testMensajePuntuacion(Integer, String)[1]" classname="com.airam.ApplicationTest" time="0.043"/>
  <testcase name="testMensajePuntuacion(Integer, String)[2]" classname="com.airam.ApplicationTest" time="0"/>
  <testcase name="testMensajePuntuacion(Integer, String)[3]" classname="com.airam.ApplicationTest" time="0.014"/>
  <testcase name="testMensajePuntuacion(Integer, String)[4]" classname="com.airam.ApplicationTest" time="0"/>
  <testcase name="testMensajePuntuacion(Integer, String)[5]" classname="com.airam.ApplicationTest" time="0"/>
  <testcase name="testMensajePuntuacion(Integer, String)[6]" classname="com.airam.ApplicationTest" time="0"/>
  <testcase name="testMensajePuntuacion(Integer, String)[7]" classname="com.airam.ApplicationTest" time="0"/>
  <testcase name="testMensajePuntuacion(Integer, String)[8]" classname="com.airam.ApplicationTest" time="0"/>
  <testcase name="testMensajePuntuacion(Integer, String)[9]" classname="com.airam.ApplicationTest" time="0"/>
  <testcase name="testMensajePuntuacion(Integer, String)[10]" classname="com.airam.ApplicationTest" time="0"/>
  <testcase name="testMensajePuntuacion(Integer, String)[11]" classname="com.airam.ApplicationTest" time="0"/>
  <testcase name="testMensajePuntuacion(Integer, String)[12]" classname="com.airam.ApplicationTest" time="0"/>
  <testcase name="testObtenerPuntuacion(String, Integer)[1]" classname="com.airam.ApplicationTest" time="0.003">
    <system-out><![CDATA[Ingrese una puntuación para calificar
]]></system-out>
  </testcase>
  <testcase name="testObtenerPuntuacion(String, Integer)[2]" classname="com.airam.ApplicationTest" time="0.001">
    <system-out><![CDATA[Ingrese una puntuación para calificar
]]></system-out>
  </testcase>
  <testcase name="testObtenerClasificacion(Integer, String)[1]" classname="com.airam.ApplicationTest" time="0"/>
  <testcase name="testObtenerClasificacion(Integer, String)[2]" classname="com.airam.ApplicationTest" time="0"/>
  <testcase name="testObtenerClasificacion(Integer, String)[3]" classname="com.airam.ApplicationTest" time="0"/>
  <testcase name="testObtenerClasificacion(Integer, String)[4]" classname="com.airam.ApplicationTest" time="0"/>
  <testcase name="testObtenerClasificacion(Integer, String)[5]" classname="com.airam.ApplicationTest" time="0"/>
  <testcase name="testObtenerClasificacion(Integer, String)[6]" classname="com.airam.ApplicationTest" time="0"/>
  <testcase name="testObtenerClasificacion(Integer, String)[7]" classname="com.airam.ApplicationTest" time="0"/>
  <testcase name="testObtenerClasificacion(Integer, String)[8]" classname="com.airam.ApplicationTest" time="0"/>
  <testcase name="testObtenerClasificacion(Integer, String)[9]" classname="com.airam.ApplicationTest" time="0"/>
  <testcase name="testObtenerClasificacion(Integer, String)[10]" classname="com.airam.ApplicationTest" time="0"/>
  <testcase name="testObtenerClasificacion(Integer, String)[11]" classname="com.airam.ApplicationTest" time="0"/>
  <testcase name="testObtenerClasificacion(Integer, String)[12]" classname="com.airam.ApplicationTest" time="0"/>
</testsuite>